2021-01-06 09:50 INFO Started

2021-01-06 09:53 INFO 

        (1) Print the top 5 symbols with quote asset BTC
        and the highest volume over the last 24 hours in descending order:
    
2021-01-06 09:53 INFO Symbol: ETHBTC    , 24h Volume, BTC: 000020080.1886964800
2021-01-06 09:53 INFO Symbol: ADABTC    , 24h Volume, BTC: 000002953.9454926600
2021-01-06 09:53 INFO Symbol: LRCBTC    , 24h Volume, BTC: 000002408.3747556700
2021-01-06 09:53 INFO Symbol: LTCBTC    , 24h Volume, BTC: 000002359.0845996100
2021-01-06 09:53 INFO Symbol: XLMBTC    , 24h Volume, BTC: 000002016.1636104400
2021-01-06 09:53 INFO 

        (2) Print the top 5 symbols with quote asset USDT
        and the highest number of trades over the last 24 hours in descending order:
    
2021-01-06 09:53 INFO Symbol: BTCUSDT   , Trades, BTC: 0002473479
2021-01-06 09:53 INFO Symbol: ETHUSDT   , Trades, BTC: 0001756264
2021-01-06 09:53 INFO Symbol: ADAUSDT   , Trades, BTC: 0000654066
2021-01-06 09:53 INFO Symbol: LRCUSDT   , Trades, BTC: 0000530285
2021-01-06 09:53 INFO Symbol: XLMUSDT   , Trades, BTC: 0000485296
2021-01-06 09:53 INFO 

        (3) Using the symbols from Q1, what is
        the total notional value of the top 200 bids and asks currently on each order book?
    
2021-01-06 09:53 INFO Oder book for symbol: ETHBTC    , Notional value, BTC: 0000035.2322781230
2021-01-06 09:53 INFO Oder book for symbol: ADABTC    , Notional value, BTC: 0000143.1650173300
2021-01-06 09:53 INFO Oder book for symbol: LRCBTC    , Notional value, BTC: 0000016.3210614700
2021-01-06 09:53 INFO Oder book for symbol: LTCBTC    , Notional value, BTC: 0000041.6252823100
2021-01-06 09:53 INFO Oder book for symbol: XLMBTC    , Notional value, BTC: 0000044.2891459000
2021-01-06 09:53 INFO 

        (4) What is the price spread for each of the symbols from Q2?
        * for the latest order book
    
2021-01-06 09:53 INFO Symbol: ETHBTC    , spread, USD: 0000000.0000020000
2021-01-06 09:53 INFO Symbol: ADABTC    , spread, USD: 0000000.0000000100
2021-01-06 09:53 INFO Symbol: LRCBTC    , spread, USD: 0000000.0000000300
2021-01-06 09:53 INFO Symbol: LTCBTC    , spread, USD: 0000000.0000020000
2021-01-06 09:53 INFO Symbol: XLMBTC    , spread, USD: 0000000.0000000200
2021-01-06 09:53 INFO 

        (5) Every 10 seconds print the result of Q4
        and the absolute delta from the previous value for each symbol.
    
2021-01-06 09:53 INFO 

        (6) Make the output of Q5 accessible by querying http://localhost:8080/metrics
        using the Prometheus Metrics format.
    
2021-01-06 09:53 INFO 

2021-01-06 09:53 INFO Symbol: ETHBTC    , spread, USD: 0000000.0000010000, delta: 0000000.0000000000
2021-01-06 09:53 INFO Symbol: ADABTC    , spread, USD: 0000000.0000000100, delta: 0000000.0000000000
2021-01-06 09:53 INFO Symbol: LRCBTC    , spread, USD: 0000000.0000000200, delta: 0000000.0000000200
2021-01-06 09:53 INFO Symbol: LTCBTC    , spread, USD: 0000000.0000010000, delta: 0000000.0000010000
2021-01-06 09:53 INFO Symbol: XLMBTC    , spread, USD: 0000000.0000000100, delta: 0000000.0000000000
2021-01-06 09:54 INFO 

2021-01-06 09:54 INFO Symbol: ETHBTC    , spread, USD: 0000000.0000010000, delta: 0000000.0000000000
2021-01-06 09:54 INFO Symbol: ADABTC    , spread, USD: 0000000.0000000100, delta: 0000000.0000000000
2021-01-06 09:54 INFO Symbol: LRCBTC    , spread, USD: 0000000.0000000200, delta: 0000000.0000000000
2021-01-06 09:54 INFO Symbol: LTCBTC    , spread, USD: 0000000.0000010000, delta: 0000000.0000000000
2021-01-06 09:54 INFO Symbol: XLMBTC    , spread, USD: 0000000.0000000100, delta: 0000000.0000000000
2021-01-06 09:54 INFO 

2021-01-06 09:54 INFO Symbol: ETHBTC    , spread, USD: 0000000.0000010000, delta: 0000000.0000000000
2021-01-06 09:54 INFO Symbol: ADABTC    , spread, USD: 0000000.0000000100, delta: 0000000.0000000000
2021-01-06 09:54 INFO Symbol: LRCBTC    , spread, USD: 0000000.0000000500, delta: 0000000.0000000300
2021-01-06 09:54 INFO Symbol: LTCBTC    , spread, USD: 0000000.0000010000, delta: 0000000.0000000000
2021-01-06 09:54 INFO Symbol: XLMBTC    , spread, USD: 0000000.0000000100, delta: 0000000.0000000000
2021-01-06 09:54 INFO 

2021-01-06 09:54 INFO Symbol: ETHBTC    , spread, USD: 0000000.0000010000, delta: 0000000.0000000000
2021-01-06 09:54 INFO Symbol: ADABTC    , spread, USD: 0000000.0000000100, delta: 0000000.0000000000
2021-01-06 09:54 INFO Symbol: LRCBTC    , spread, USD: 0000000.0000000300, delta: 0000000.0000000200
2021-01-06 09:54 INFO Symbol: LTCBTC    , spread, USD: 0000000.0000020000, delta: 0000000.0000010000
2021-01-06 09:54 INFO Symbol: XLMBTC    , spread, USD: 0000000.0000000100, delta: 0000000.0000000000
2021-01-06 09:54 INFO 

2021-01-06 09:54 INFO Symbol: ETHBTC    , spread, USD: 0000000.0000010000, delta: 0000000.0000000000
2021-01-06 09:54 INFO Symbol: ADABTC    , spread, USD: 0000000.0000000100, delta: 0000000.0000000000
2021-01-06 09:54 INFO Symbol: LRCBTC    , spread, USD: 0000000.0000000300, delta: 0000000.0000000000
2021-01-06 09:54 INFO Symbol: LTCBTC    , spread, USD: 0000000.0000010000, delta: 0000000.0000010000
2021-01-06 09:54 INFO Symbol: XLMBTC    , spread, USD: 0000000.0000000100, delta: 0000000.0000000000
2021-01-06 09:54 INFO 

2021-01-06 09:54 INFO Symbol: ETHBTC    , spread, USD: 0000000.0000010000, delta: 0000000.0000000000
2021-01-06 09:54 INFO Symbol: ADABTC    , spread, USD: 0000000.0000000100, delta: 0000000.0000000000
2021-01-06 09:54 INFO Symbol: LRCBTC    , spread, USD: 0000000.0000000200, delta: 0000000.0000000100
2021-01-06 09:54 INFO Symbol: LTCBTC    , spread, USD: 0000000.0000010000, delta: 0000000.0000000000
2021-01-06 09:54 INFO Symbol: XLMBTC    , spread, USD: 0000000.0000000100, delta: 0000000.0000000000
2021-01-06 09:54 INFO 

2021-01-06 09:54 INFO Symbol: ETHBTC    , spread, USD: 0000000.0000010000, delta: 0000000.0000000000
2021-01-06 09:54 INFO Symbol: ADABTC    , spread, USD: 0000000.0000000200, delta: 0000000.0000000100
2021-01-06 09:54 INFO Symbol: LRCBTC    , spread, USD: 0000000.0000000200, delta: 0000000.0000000000
2021-01-06 09:54 INFO Symbol: LTCBTC    , spread, USD: 0000000.0000010000, delta: 0000000.0000000000
2021-01-06 09:54 INFO Symbol: XLMBTC    , spread, USD: 0000000.0000000100, delta: 0000000.0000000000
2021-01-06 09:54 INFO 

2021-01-06 09:54 INFO Symbol: ETHBTC    , spread, USD: 0000000.0000010000, delta: 0000000.0000000000
2021-01-06 09:54 INFO Symbol: ADABTC    , spread, USD: 0000000.0000000100, delta: 0000000.0000000100
2021-01-06 09:54 INFO Symbol: LRCBTC    , spread, USD: 0000000.0000000500, delta: 0000000.0000000300
2021-01-06 09:54 INFO Symbol: LTCBTC    , spread, USD: 0000000.0000020000, delta: 0000000.0000010000
2021-01-06 09:54 INFO Symbol: XLMBTC    , spread, USD: 0000000.0000000100, delta: 0000000.0000000000
2021-01-06 09:55 INFO 

2021-01-06 09:55 INFO Symbol: ETHBTC    , spread, USD: 0000000.0000010000, delta: 0000000.0000000000
2021-01-06 09:55 INFO Symbol: ADABTC    , spread, USD: 0000000.0000000200, delta: 0000000.0000000100
2021-01-06 09:55 INFO Symbol: LRCBTC    , spread, USD: 0000000.0000000300, delta: 0000000.0000000200
2021-01-06 09:55 INFO Symbol: LTCBTC    , spread, USD: 0000000.0000010000, delta: 0000000.0000010000
2021-01-06 09:55 INFO Symbol: XLMBTC    , spread, USD: 0000000.0000000100, delta: 0000000.0000000000
2021-01-06 09:55 INFO 

2021-01-06 09:55 INFO Symbol: ETHBTC    , spread, USD: 0000000.0000010000, delta: 0000000.0000000000
2021-01-06 09:55 INFO Symbol: ADABTC    , spread, USD: 0000000.0000000100, delta: 0000000.0000000100
2021-01-06 09:55 INFO Symbol: LRCBTC    , spread, USD: 0000000.0000000300, delta: 0000000.0000000000
2021-01-06 09:55 INFO Symbol: LTCBTC    , spread, USD: 0000000.0000020000, delta: 0000000.0000010000
2021-01-06 09:55 INFO Symbol: XLMBTC    , spread, USD: 0000000.0000000100, delta: 0000000.0000000000
2021-01-06 09:55 INFO 

2021-01-06 09:55 INFO Symbol: ETHBTC    , spread, USD: 0000000.0000010000, delta: 0000000.0000000000
2021-01-06 09:55 INFO Symbol: ADABTC    , spread, USD: 0000000.0000000100, delta: 0000000.0000000000
2021-01-06 09:55 INFO Symbol: LRCBTC    , spread, USD: 0000000.0000000100, delta: 0000000.0000000200
2021-01-06 09:55 INFO Symbol: LTCBTC    , spread, USD: 0000000.0000010000, delta: 0000000.0000010000
2021-01-06 09:55 INFO Symbol: XLMBTC    , spread, USD: 0000000.0000000100, delta: 0000000.0000000000
2021-01-06 09:55 INFO 

2021-01-06 09:55 INFO Symbol: ETHBTC    , spread, USD: 0000000.0000010000, delta: 0000000.0000000000
2021-01-06 09:55 INFO Symbol: ADABTC    , spread, USD: 0000000.0000000100, delta: 0000000.0000000000
2021-01-06 09:55 INFO Symbol: LRCBTC    , spread, USD: 0000000.0000000400, delta: 0000000.0000000300
2021-01-06 09:55 INFO Symbol: LTCBTC    , spread, USD: 0000000.0000010000, delta: 0000000.0000000000
2021-01-06 09:55 INFO Symbol: XLMBTC    , spread, USD: 0000000.0000000100, delta: 0000000.0000000000
2021-01-06 09:55 INFO 

2021-01-06 09:55 INFO Symbol: ETHBTC    , spread, USD: 0000000.0000020000, delta: 0000000.0000010000
2021-01-06 09:55 INFO Symbol: ADABTC    , spread, USD: 0000000.0000000100, delta: 0000000.0000000000
2021-01-06 09:55 INFO Symbol: LRCBTC    , spread, USD: 0000000.0000000100, delta: 0000000.0000000300
2021-01-06 09:55 INFO Symbol: LTCBTC    , spread, USD: 0000000.0000010000, delta: 0000000.0000000000
2021-01-06 09:55 INFO Symbol: XLMBTC    , spread, USD: 0000000.0000000100, delta: 0000000.0000000000
